Script crashed with exit code 1 at mer. 11 juin 2025 02:41:26 CEST
Script crashed with exit code 1 at mer. 11 juin 2025 02:45:54 CEST
Script crashed with exit code 1 at jeu. 12 juin 2025 16:17:04 CEST
Script crashed with exit code 1 at ven. 13 juin 2025 02:31:40 CEST
Script crashed with exit code 1 at ven. 13 juin 2025 02:32:01 CEST
Script crashed with exit code 1 at ven. 13 juin 2025 02:32:21 CEST
Script crashed with exit code 1 at ven. 13 juin 2025 02:32:41 CEST
Script crashed with exit code 1 at ven. 13 juin 2025 02:33:01 CEST
Script crashed with exit code 1 at ven. 13 juin 2025 02:33:21 CEST
Script crashed with exit code 1 at ven. 13 juin 2025 02:33:41 CEST
Script crashed with exit code 1 at ven. 13 juin 2025 02:34:00 CEST
Script crashed with exit code 1 at ven. 13 juin 2025 02:34:20 CEST
Script crashed with exit code 1 at ven. 13 juin 2025 02:34:40 CEST
Script crashed with exit code 1 at ven. 13 juin 2025 02:35:00 CEST
Script crashed with exit code 1 at ven. 13 juin 2025 02:35:20 CEST
Script crashed with exit code 1 at ven. 13 juin 2025 02:35:40 CEST
Script crashed with exit code 1 at ven. 13 juin 2025 02:35:59 CEST
Script crashed with exit code 1 at ven. 13 juin 2025 02:36:20 CEST
Script crashed with exit code 1 at ven. 13 juin 2025 02:36:40 CEST
Script crashed with exit code 1 at ven. 13 juin 2025 02:37:00 CEST
Script crashed with exit code 1 at ven. 13 juin 2025 02:37:19 CEST
Script crashed with exit code 1 at ven. 13 juin 2025 02:37:39 CEST
Script crashed with exit code 1 at ven. 13 juin 2025 02:37:59 CEST
Script crashed with exit code 1 at ven. 13 juin 2025 02:38:19 CEST
Script crashed with exit code 1 at ven. 13 juin 2025 02:38:39 CEST
Script crashed with exit code 1 at ven. 13 juin 2025 02:38:59 CEST
Script crashed with exit code 1 at ven. 13 juin 2025 02:39:19 CEST
Script crashed with exit code 1 at ven. 13 juin 2025 02:39:39 CEST
Script crashed with exit code 1 at ven. 13 juin 2025 02:39:58 CEST
Script crashed with exit code 1 at ven. 13 juin 2025 02:40:18 CEST
Script crashed with exit code 1 at ven. 13 juin 2025 02:40:38 CEST
Script crashed with exit code 1 at ven. 13 juin 2025 02:40:58 CEST
Script crashed with exit code 1 at ven. 13 juin 2025 02:41:18 CEST
Script crashed with exit code 1 at ven. 13 juin 2025 02:41:37 CEST
Script crashed with exit code 1 at ven. 13 juin 2025 02:41:57 CEST
Script crashed with exit code 1 at ven. 13 juin 2025 02:42:17 CEST
Script crashed with exit code 1 at ven. 13 juin 2025 02:42:37 CEST
Script crashed with exit code 1 at ven. 13 juin 2025 02:42:57 CEST
Script crashed with exit code 1 at ven. 13 juin 2025 02:43:16 CEST
Script crashed with exit code 1 at ven. 13 juin 2025 02:43:36 CEST
Script crashed with exit code 1 at ven. 13 juin 2025 02:43:56 CEST
Script crashed with exit code 1 at ven. 13 juin 2025 02:44:16 CEST
Script crashed with exit code 1 at ven. 13 juin 2025 02:44:35 CEST
Script crashed with exit code 1 at ven. 13 juin 2025 02:44:55 CEST
Script crashed with exit code 1 at ven. 13 juin 2025 02:45:15 CEST
Script crashed with exit code 1 at ven. 13 juin 2025 02:45:35 CEST
Script crashed with exit code 1 at ven. 13 juin 2025 02:45:55 CEST
Script crashed with exit code 1 at ven. 13 juin 2025 02:46:14 CEST
Script crashed with exit code 1 at ven. 13 juin 2025 14:33:40 CEST
Script crashed with exit code 1 at ven. 13 juin 2025 14:34:02 CEST
Script crashed with exit code 1 at ven. 13 juin 2025 17:21:08 CEST
Script crashed with exit code 1 at ven. 13 juin 2025 17:22:01 CEST
Script crashed with exit code 1 at ven. 13 juin 2025 17:22:09 CEST
Script crashed with exit code 1 at ven. 13 juin 2025 17:22:16 CEST
Script crashed with exit code 1 at ven. 13 juin 2025 17:22:26 CEST
Script crashed with exit code 1 at ven. 13 juin 2025 17:22:33 CEST
Script crashed with exit code 1 at ven. 13 juin 2025 17:22:41 CEST
Script crashed with exit code 1 at ven. 13 juin 2025 17:24:08 CEST
Script crashed with exit code 1 at ven. 13 juin 2025 17:26:07 CEST
Script crashed with exit code 1 at ven. 13 juin 2025 17:26:23 CEST
Script crashed with exit code 1 at ven. 13 juin 2025 17:27:13 CEST
Script crashed with exit code 1 at ven. 13 juin 2025 17:28:20 CEST
Script crashed with exit code 1 at ven. 13 juin 2025 17:29:10 CEST
Script crashed with exit code 1 at ven. 13 juin 2025 17:29:58 CEST
Script crashed with exit code 1 at ven. 13 juin 2025 17:31:30 CEST
Script crashed with exit code 1 at ven. 13 juin 2025 17:31:46 CEST
Script crashed with exit code 1 at ven. 13 juin 2025 17:32:11 CEST
Script crashed with exit code 1 at ven. 13 juin 2025 17:32:46 CEST
Script crashed with exit code 1 at ven. 13 juin 2025 17:34:35 CEST
Script crashed with exit code 1 at dim. 15 juin 2025 17:25:12 CEST
Script crashed with exit code 1 at dim. 15 juin 2025 17:25:33 CEST
Script crashed with exit code 1 at dim. 15 juin 2025 17:26:00 CEST
Script crashed with exit code 1 at dim. 15 juin 2025 17:26:28 CEST
Script crashed with exit code 1 at dim. 15 juin 2025 17:27:01 CEST
Script crashed with exit code 1 at dim. 15 juin 2025 17:27:25 CEST
Script crashed with exit code 1 at dim. 15 juin 2025 17:27:49 CEST
Script crashed with exit code 1 at dim. 15 juin 2025 17:28:15 CEST
Script crashed with exit code 1 at dim. 15 juin 2025 17:28:41 CEST
Script crashed with exit code 1 at dim. 15 juin 2025 17:29:11 CEST
Script crashed with exit code 1 at dim. 15 juin 2025 17:29:40 CEST
Script crashed with exit code 1 at dim. 15 juin 2025 17:30:04 CEST
Script crashed with exit code 1 at dim. 15 juin 2025 17:30:31 CEST
Script crashed with exit code 1 at dim. 15 juin 2025 17:30:51 CEST
Script crashed with exit code 1 at dim. 15 juin 2025 17:31:13 CEST
Script crashed with exit code 1 at dim. 15 juin 2025 17:31:37 CEST
Script crashed with exit code 1 at dim. 15 juin 2025 17:31:57 CEST
Script crashed with exit code 1 at dim. 15 juin 2025 17:32:17 CEST
Script crashed with exit code 1 at dim. 15 juin 2025 17:32:32 CEST
Script crashed with exit code 1 at dim. 15 juin 2025 17:32:47 CEST
Script crashed with exit code 1 at dim. 15 juin 2025 17:33:08 CEST
Script crashed with exit code 1 at dim. 15 juin 2025 17:33:30 CEST
Script crashed with exit code 1 at dim. 15 juin 2025 17:33:53 CEST
Script crashed with exit code 1 at dim. 15 juin 2025 17:34:21 CEST
Script crashed with exit code 1 at dim. 15 juin 2025 17:34:35 CEST
Script crashed with exit code 1 at dim. 15 juin 2025 17:34:54 CEST
Script crashed with exit code 1 at dim. 15 juin 2025 17:35:14 CEST
Script crashed with exit code 1 at dim. 15 juin 2025 17:35:37 CEST
Script crashed with exit code 1 at dim. 15 juin 2025 17:35:56 CEST
Script crashed with exit code 1 at dim. 15 juin 2025 17:36:18 CEST
Script crashed with exit code 1 at dim. 15 juin 2025 17:36:37 CEST
Script crashed with exit code 1 at dim. 15 juin 2025 17:36:59 CEST
Script crashed with exit code 1 at dim. 15 juin 2025 17:37:21 CEST
Script crashed with exit code 1 at dim. 15 juin 2025 17:37:41 CEST
Script crashed with exit code 1 at dim. 15 juin 2025 17:38:00 CEST
Script crashed with exit code 1 at dim. 15 juin 2025 17:38:17 CEST
Script crashed with exit code 1 at dim. 15 juin 2025 17:38:38 CEST
Script crashed with exit code 1 at dim. 15 juin 2025 17:39:00 CEST
Script crashed with exit code 1 at dim. 15 juin 2025 17:39:22 CEST
Script crashed with exit code 1 at dim. 15 juin 2025 17:39:37 CEST
Script crashed with exit code 1 at dim. 15 juin 2025 17:39:54 CEST
Script crashed with exit code 1 at dim. 15 juin 2025 17:49:19 CEST
Script crashed with exit code 1 at dim. 15 juin 2025 17:49:41 CEST
Script crashed with exit code 1 at dim. 15 juin 2025 17:50:04 CEST
Script crashed with exit code 1 at dim. 15 juin 2025 17:50:23 CEST
Script crashed with exit code 1 at dim. 15 juin 2025 17:50:45 CEST
Script crashed with exit code 1 at dim. 15 juin 2025 17:51:05 CEST
Script crashed with exit code 1 at dim. 15 juin 2025 17:51:27 CEST
Script crashed with exit code 1 at dim. 15 juin 2025 17:51:47 CEST
Script crashed with exit code 1 at dim. 15 juin 2025 17:52:07 CEST
Script crashed with exit code 1 at dim. 15 juin 2025 17:52:29 CEST
Script crashed with exit code 1 at dim. 15 juin 2025 17:52:51 CEST
Script crashed with exit code 1 at dim. 15 juin 2025 17:53:14 CEST
Script crashed with exit code 1 at dim. 15 juin 2025 17:53:41 CEST
Script crashed with exit code 1 at dim. 15 juin 2025 17:54:01 CEST
Script crashed with exit code 1 at dim. 15 juin 2025 17:54:19 CEST
Script crashed with exit code 1 at dim. 15 juin 2025 17:54:41 CEST
Script crashed with exit code 1 at dim. 15 juin 2025 17:55:04 CEST
Script crashed with exit code 1 at dim. 15 juin 2025 17:55:23 CEST
Script crashed with exit code 1 at dim. 15 juin 2025 17:55:46 CEST
Script crashed with exit code 1 at dim. 15 juin 2025 17:56:06 CEST
Script crashed with exit code 1 at dim. 15 juin 2025 17:56:26 CEST
Script crashed with exit code 1 at dim. 15 juin 2025 17:56:45 CEST
Script crashed with exit code 1 at dim. 15 juin 2025 17:57:04 CEST
Script crashed with exit code 1 at dim. 15 juin 2025 17:57:26 CEST
Script crashed with exit code 1 at dim. 15 juin 2025 17:57:46 CEST
Script crashed with exit code 1 at dim. 15 juin 2025 17:58:12 CEST
Script crashed with exit code 1 at dim. 15 juin 2025 17:58:34 CEST
Script crashed with exit code 1 at dim. 15 juin 2025 17:58:56 CEST
Script crashed with exit code 1 at dim. 15 juin 2025 17:59:19 CEST
Script crashed with exit code 1 at dim. 15 juin 2025 17:59:45 CEST
Script crashed with exit code 1 at dim. 15 juin 2025 18:00:05 CEST
Script crashed with exit code 1 at dim. 15 juin 2025 18:00:25 CEST
Script crashed with exit code 1 at dim. 15 juin 2025 18:00:48 CEST
Script crashed with exit code 1 at dim. 15 juin 2025 18:01:11 CEST
Script crashed with exit code 1 at dim. 15 juin 2025 18:01:30 CEST
Script crashed with exit code 1 at dim. 15 juin 2025 18:01:45 CEST
Script crashed with exit code 1 at dim. 15 juin 2025 18:01:59 CEST
Script crashed with exit code 1 at dim. 15 juin 2025 18:02:21 CEST
Script crashed with exit code 1 at dim. 15 juin 2025 18:02:41 CEST
Script crashed with exit code 1 at dim. 15 juin 2025 18:03:03 CEST
Script crashed with exit code 1 at dim. 15 juin 2025 18:03:25 CEST
Script crashed with exit code 1 at dim. 15 juin 2025 18:03:47 CEST
Script crashed with exit code 1 at dim. 15 juin 2025 18:04:10 CEST
Script crashed with exit code 1 at dim. 15 juin 2025 20:20:30 CEST
Script crashed with exit code 1 at dim. 15 juin 2025 20:44:36 CEST
Script crashed with exit code 1 at dim. 15 juin 2025 20:51:37 CEST
Script crashed with exit code 1 at dim. 15 juin 2025 21:20:41 CEST
Script crashed with exit code 1 at dim. 15 juin 2025 21:39:54 CEST
Script crashed with exit code 1 at dim. 15 juin 2025 22:21:12 CEST
Script crashed with exit code 1 at dim. 15 juin 2025 22:25:26 CEST
Script crashed with exit code 1 at dim. 15 juin 2025 22:27:51 CEST
Script crashed with exit code 1 at dim. 15 juin 2025 22:30:22 CEST
Script crashed with exit code 1 at dim. 15 juin 2025 22:33:03 CEST
Script crashed with exit code 1 at dim. 15 juin 2025 22:35:52 CEST
Script crashed with exit code 1 at dim. 15 juin 2025 22:38:21 CEST
Script crashed with exit code 1 at dim. 15 juin 2025 22:40:43 CEST
Script crashed with exit code 1 at dim. 15 juin 2025 22:43:24 CEST
Script crashed with exit code 1 at dim. 15 juin 2025 22:45:41 CEST
Script crashed with exit code 1 at dim. 15 juin 2025 22:47:45 CEST
Script crashed with exit code 1 at dim. 15 juin 2025 22:50:54 CEST
Script crashed with exit code 1 at dim. 15 juin 2025 22:53:09 CEST
Script crashed with exit code 1 at dim. 15 juin 2025 22:56:08 CEST
Script crashed with exit code 1 at dim. 15 juin 2025 22:59:10 CEST
Script crashed with exit code 1 at dim. 15 juin 2025 23:01:45 CEST
Script crashed with exit code 1 at dim. 15 juin 2025 23:04:44 CEST
Script crashed with exit code 1 at dim. 15 juin 2025 23:07:56 CEST
Script crashed with exit code 1 at lun. 16 juin 2025 02:15:27 CEST
Script crashed with exit code 1 at lun. 16 juin 2025 02:16:01 CEST
Script crashed with exit code 1 at lun. 16 juin 2025 02:16:33 CEST
Script crashed with exit code 1 at lun. 16 juin 2025 02:17:03 CEST
Script crashed with exit code 1 at lun. 16 juin 2025 02:17:35 CEST
Script crashed with exit code 1 at lun. 16 juin 2025 02:18:05 CEST
Script crashed with exit code 1 at lun. 16 juin 2025 02:18:30 CEST
Script crashed with exit code 1 at lun. 16 juin 2025 02:18:51 CEST
Script crashed with exit code 1 at lun. 16 juin 2025 02:19:12 CEST
Script crashed with exit code 1 at lun. 16 juin 2025 02:19:33 CEST
Script crashed with exit code 1 at lun. 16 juin 2025 02:20:22 CEST
Script crashed with exit code 1 at lun. 16 juin 2025 02:20:48 CEST
Script crashed with exit code 1 at lun. 16 juin 2025 02:21:16 CEST
Script crashed with exit code 1 at lun. 16 juin 2025 02:21:42 CEST
Script crashed with exit code 1 at lun. 16 juin 2025 02:22:09 CEST
Script crashed with exit code 1 at lun. 16 juin 2025 02:22:34 CEST
Script crashed with exit code 1 at lun. 16 juin 2025 02:22:59 CEST
Script crashed with exit code 1 at lun. 16 juin 2025 02:23:25 CEST
Script crashed with exit code 1 at lun. 16 juin 2025 02:23:50 CEST
Script crashed with exit code 1 at lun. 16 juin 2025 02:24:16 CEST
Script crashed with exit code 1 at lun. 16 juin 2025 02:24:40 CEST
Script crashed with exit code 1 at lun. 16 juin 2025 02:25:04 CEST
Script crashed with exit code 1 at lun. 16 juin 2025 02:25:24 CEST
Script crashed with exit code 1 at lun. 16 juin 2025 02:25:43 CEST
Script crashed with exit code 1 at lun. 16 juin 2025 02:26:03 CEST
Script crashed with exit code 1 at lun. 16 juin 2025 02:26:22 CEST
Script crashed with exit code 1 at lun. 16 juin 2025 02:26:41 CEST
Script crashed with exit code 1 at lun. 16 juin 2025 02:27:00 CEST
Script crashed with exit code 1 at lun. 16 juin 2025 02:27:19 CEST
Script crashed with exit code 1 at lun. 16 juin 2025 02:27:39 CEST
Script crashed with exit code 1 at lun. 16 juin 2025 02:27:58 CEST
Script crashed with exit code 1 at lun. 16 juin 2025 02:28:17 CEST
Script crashed with exit code 1 at lun. 16 juin 2025 02:28:36 CEST
Script crashed with exit code 1 at lun. 16 juin 2025 02:28:55 CEST
Script crashed with exit code 1 at lun. 16 juin 2025 02:29:15 CEST
Script crashed with exit code 1 at lun. 16 juin 2025 02:29:34 CEST
Script crashed with exit code 1 at lun. 16 juin 2025 02:29:56 CEST
Script crashed with exit code 1 at lun. 16 juin 2025 02:30:15 CEST
Script crashed with exit code 1 at lun. 16 juin 2025 02:30:33 CEST
Script crashed with exit code 1 at lun. 16 juin 2025 02:30:53 CEST
Script crashed with exit code 1 at lun. 16 juin 2025 02:31:12 CEST
Script crashed with exit code 1 at lun. 16 juin 2025 02:31:31 CEST
Script crashed with exit code 1 at lun. 16 juin 2025 02:31:51 CEST
Script crashed with exit code 1 at lun. 16 juin 2025 02:32:13 CEST
Script crashed with exit code 1 at lun. 16 juin 2025 02:32:32 CEST
Script crashed with exit code 1 at lun. 16 juin 2025 02:32:51 CEST
Script crashed with exit code 1 at lun. 16 juin 2025 02:33:10 CEST
Script crashed with exit code 1 at lun. 16 juin 2025 02:33:29 CEST
Script crashed with exit code 1 at lun. 16 juin 2025 02:33:48 CEST
Script crashed with exit code 1 at lun. 16 juin 2025 02:34:08 CEST
Script crashed with exit code 1 at lun. 16 juin 2025 02:34:28 CEST
Script crashed with exit code 1 at lun. 16 juin 2025 02:34:47 CEST
Script crashed with exit code 1 at lun. 16 juin 2025 11:53:33 CEST
